<?xml version="1.0" encoding="UTF-8"?>
<!-- Generated by org.testng.reporters.JUnitXMLReporter -->
<testsuite ignored="0" hostname="WKWIN4350445" failures="1" tests="1" name="Test" time="427.518" errors="0" timestamp="2020-04-12T19:06:20 IST">
  <testcase classname="Driver.ProgramDriverCovid19" name="covid19IndiaCount" time="415.354">
    <failure type="java.lang.IndexOutOfBoundsException" message="Index 516 out of bounds for length 516">
      <![CDATA[java.lang.IndexOutOfBoundsException: Index 516 out of bounds for length 516
at java.base/jdk.internal.util.Preconditions.outOfBounds(Preconditions.java:64)
at java.base/jdk.internal.util.Preconditions.outOfBoundsCheckIndex(Preconditions.java:70)
at java.base/jdk.internal.util.Preconditions.checkIndex(Preconditions.java:248)
at java.base/java.util.Objects.checkIndex(Objects.java:373)
at java.base/java.util.ArrayList.get(ArrayList.java:425)
at Driver.ProgramDriverCovid19.covid19IndiaCount(ProgramDriverCovid19.java:73)
at java.base/java.util.ArrayList.forEach(ArrayList.java:1507)
... Removed 27 stack frames]]>
    </failure>
  </testcase> <!-- covid19IndiaCount -->
</testsuite> <!-- Test -->
